<?xml version="1.0" encoding="UTF-8"?>
<!-- Generated by org.testng.reporters.JUnitXMLReporter -->
<testsuite ignored="2" hostname="DESKTOP-DJ4FDME" failures="0" tests="3" name="Test" time="96.735" errors="0" timestamp="2024-08-31T06:25:10 IST">
  <testcase classname="org.xyz.automation.fb.HandleKeyMouse" name="handleAlerts" time="32.655"/>
  <testcase classname="org.xyz.automation.fb.HandleKeyMouse" name="handleframes" time="47.91"/>
  <testcase classname="org.xyz.automation.fb.BrowserControl" name="launchBrowser" time="16.022"/>
  <testcase classname="org.xyz.automation.fb.HandleKeyMouse" name="handleMouse" time="0.0">
    <ignored/>
  </testcase> <!-- handleMouse -->
  <testcase classname="org.xyz.automation.fb.HandleKeyMouse" name="handleKeyboard" time="0.0">
    <ignored/>
  </testcase> <!-- handleKeyboard -->
</testsuite> <!-- Test -->
