<?xml version="1.0" encoding="UTF-8"?>
<testng-results ignored="0" total="1" passed="1" failed="0" skipped="0">
  <reporter-output>
  </reporter-output>
  <suite started-at="2024-09-06T06:32:38 IST" name="Default suite" finished-at="2024-09-06T06:32:48 IST" duration-ms="9806">
    <groups>
    </groups>
    <test started-at="2024-09-06T06:32:38 IST" name="Default test" finished-at="2024-09-06T06:32:48 IST" duration-ms="9806">
      <class name="org.wipro.automation.testcases.SignupScenario">
        <test-method is-config="true" signature="launchbroweser()[pri:0, instance:org.wipro.automation.testcases.SignupScenario@6221a451]" started-at="2024-09-06T06:32:38 IST" name="launchbroweser" finished-at="2024-09-06T06:32:46 IST" duration-ms="7972" status="PASS">
          <reporter-output>
          </reporter-output>
        </test-method> <!-- launchbroweser -->
        <test-method signature="tc010_signupfunctionality_validdata()[pri:0, instance:org.wipro.automation.testcases.SignupScenario@6221a451]" started-at="2024-09-06T06:32:46 IST" name="tc010_signupfunctionality_validdata" finished-at="2024-09-06T06:32:48 IST" duration-ms="1758" status="PASS">
          <reporter-output>
          </reporter-output>
        </test-method> <!-- tc010_signupfunctionality_validdata -->
        <test-method is-config="true" signature="closeBrowser()[pri:0, instance:org.wipro.automation.testcases.SignupScenario@6221a451]" started-at="2024-09-06T06:32:48 IST" name="closeBrowser" finished-at="2024-09-06T06:32:48 IST" duration-ms="0" status="PASS">
          <reporter-output>
          </reporter-output>
        </test-method> <!-- closeBrowser -->
      </class> <!-- org.wipro.automation.testcases.SignupScenario -->
    </test> <!-- Default test -->
  </suite> <!-- Default suite -->
</testng-results>
